fecha:12-11-2018(01:14:42) 
metodo: 
msg:SQLSTATE[23000]: Integrity constraint violation: 1452 Cannot add or update a child row: a foreign key constraint fails (`controlmemo`.`memo`, CONSTRAINT `fk_memo_centro_costos1` FOREIGN KEY (`memo_cc_codigo`) REFERENCES `centro_costos` (`cc_codigo`) ON DELETE NO ACTION ON UPDATE NO ACTION) 
trace:#0 C:\xampp\htdocs\controlmemo\modelo\memo\modelmemo.php(392): PDOStatement->execute(Array)
#1 C:\xampp\htdocs\controlmemo\controllers\controllermemo.php(58): ModelMemo->Registrar(Object(Memos), Array)
#2 {main} 
---------------------------------------------------------------------

fecha:12-11-2018(02:28:03) 
metodo: 
msg:SQLSTATE[23000]: Integrity constraint violation: 1048 Column 'memo_cc_codigo' cannot be null 
trace:#0 C:\xampp\htdocs\controlmemo\modelo\memo\modelmemo.php(394): PDOStatement->execute(Array)
#1 C:\xampp\htdocs\controlmemo\controllers\controllermemo.php(59): ModelMemo->Registrar(Object(Memos), Array)
#2 {main} 
---------------------------------------------------------------------

fecha:14-11-2018(10:02:48) 
metodo:Conexion 
msg:SQLSTATE[HY000] [2002] No se puede establecer una conexión ya que el equipo de destino denegó expresamente dicha conexión.
 
trace:#0 C:\xampp\htdocs\controlmemo\modelo\conexion\conexion.php(13): PDO->__construct('mysql:host=loca...', 'root', '', Array)
#1 C:\xampp\htdocs\controlmemo\modelo\memo\modelmemo.php(20): Conexion->connect()
#2 C:\xampp\htdocs\controlmemo\controllers\controllermemo.php(10): ModelMemo->__CONSTRUCT()
#3 {main} 
---------------------------------------------------------------------
